build/app/intermediates/manifest_merge_blame_file/release/manifest-merger-blame-release-report.txt
1<?xml version="1.0" encoding="utf-8"?>
2<manifest xmlns:android="http://schemas.android.com/apk/res/android"
3    package="com.miraybasaran9803gmail.automatic_sms"
4    android:versionCode="2"
5    android:versionName="1.0.1" >
6
7    <uses-sdk
8        android:minSdkVersion="16"
8-->src\main\AndroidManifest.xml
9        android:targetSdkVersion="28" />
9-->src\main\AndroidManifest.xml
10
11    <uses-permission android:name="android.permission.READ_SMS" />
11-->[:sms] AndroidManifest.xml:7:5-67
11-->[:sms] AndroidManifest.xml:7:22-64
12    <uses-permission android:name="android.permission.SEND_SMS" />
12-->[:sms] AndroidManifest.xml:8:5-67
12-->[:sms] AndroidManifest.xml:8:22-64
13    <uses-permission android:name="android.permission.RECEIVE_SMS" />
13-->[:sms] AndroidManifest.xml:9:5-70
13-->[:sms] AndroidManifest.xml:9:22-67
14    <uses-permission android:name="android.permission.READ_PHONE_STATE" />
14-->[:sms] AndroidManifest.xml:10:5-75
14-->[:sms] AndroidManifest.xml:10:22-72
15    <uses-permission android:name="android.permission.READ_CONTACTS" />
15-->[:sms] AndroidManifest.xml:11:5-72
15-->[:sms] AndroidManifest.xml:11:22-69
16    <uses-permission android:name="android.permission.READ_PROFILE" />
16-->[:sms] AndroidManifest.xml:12:5-71
16-->[:sms] AndroidManifest.xml:12:22-68
17    <!--
18 io.flutter.app.FlutterApplication is an android.app.Application that
19         calls FlutterMain.startInitialization(this); in its onCreate method.
20         In most cases you can leave this as-is, but you if you want to provide
21         additional functionality it is fine to subclass or reimplement
22         FlutterApplication and put your custom class here.
23    -->
24    <application
24-->src\main\AndroidManifest.xml:9:5-30:19
25        android:name="io.flutter.app.FlutterApplication"
25-->src\main\AndroidManifest.xml:10:9-57
26        android:appComponentFactory="androidx.core.app.CoreComponentFactory"
26-->[androidx.core:core:1.0.0] AndroidManifest.xml:22:18-86
27        android:icon="@mipmap/ic_launcher"
27-->src\main\AndroidManifest.xml:12:9-43
28        android:label="AutoSMS" >
28-->src\main\AndroidManifest.xml:11:9-32
29        <activity
29-->src\main\AndroidManifest.xml:13:9-24:20
30            android:name="com.miraybasaran9803gmail.automatic_sms.MainActivity"
30-->src\main\AndroidManifest.xml:14:13-41
31            android:configChanges="orientation|keyboardHidden|keyboard|screenSize|smallestScreenSize|locale|layoutDirection|fontScale|screenLayout|density|uiMode"
31-->src\main\AndroidManifest.xml:17:13-163
32            android:hardwareAccelerated="true"
32-->src\main\AndroidManifest.xml:18:13-47
33            android:launchMode="singleTop"
33-->src\main\AndroidManifest.xml:15:13-43
34            android:theme="@style/LaunchTheme"
34-->src\main\AndroidManifest.xml:16:13-47
35            android:windowSoftInputMode="adjustResize" >
35-->src\main\AndroidManifest.xml:19:13-55
36            <intent-filter>
36-->src\main\AndroidManifest.xml:20:13-23:29
37                <action android:name="android.intent.action.MAIN" />
37-->src\main\AndroidManifest.xml:21:17-68
37-->src\main\AndroidManifest.xml:21:25-66
38
39                <category android:name="android.intent.category.LAUNCHER" />
39-->src\main\AndroidManifest.xml:22:17-76
39-->src\main\AndroidManifest.xml:22:27-74
40            </intent-filter>
41        </activity>
42        <!--
43             Don't delete the meta-data below.
44             This is used by the Flutter tool to generate GeneratedPluginRegistrant.java
45        -->
46        <meta-data
46-->src\main\AndroidManifest.xml:27:9-29:33
47            android:name="flutterEmbedding"
47-->src\main\AndroidManifest.xml:28:13-44
48            android:value="2" />
48-->src\main\AndroidManifest.xml:29:13-30
49    </application>
50
51</manifest>